{"C:\\Users\\Elaine_Onuegbe\\Desktop\\Movie-Project\\src\\actions\\actionTypes.js": {"path":"C:\\Users\\Elaine_Onuegbe\\Desktop\\Movie-Project\\src\\actions\\actionTypes.js","statementMap":{"0":{"start":{"line":1,"column":35},"end":{"line":1,"column":56}},"1":{"start":{"line":2,"column":27},"end":{"line":2,"column":40}},"2":{"start":{"line":3,"column":38},"end":{"line":3,"column":62}},"3":{"start":{"line":4,"column":30},"end":{"line":4,"column":46}},"4":{"start":{"line":5,"column":36},"end":{"line":5,"column":58}},"5":{"start":{"line":6,"column":28},"end":{"line":6,"column":42}},"6":{"start":{"line":7,"column":33},"end":{"line":7,"column":52}},"7":{"start":{"line":8,"column":36},"end":{"line":8,"column":58}},"8":{"start":{"line":9,"column":34},"end":{"line":9,"column":54}},"9":{"start":{"line":10,"column":27},"end":{"line":10,"column":40}},"10":{"start":{"line":11,"column":34},"end":{"line":11,"column":54}},"11":{"start":{"line":12,"column":37},"end":{"line":12,"column":60}},"12":{"start":{"line":13,"column":35},"end":{"line":13,"column":56}},"13":{"start":{"line":15,"column":2},"end":{"line":15,"column":34}},"14":{"start":{"line":17,"column":2},"end":{"line":17,"column":35}},"15":{"start":{"line":18,"column":29},"end":{"line":18,"column":44}},"16":{"start":{"line":20,"column":2},"end":{"line":20,"column":36}},"17":{"start":{"line":21,"column":29},"end":{"line":21,"column":44}},"18":{"start":{"line":22,"column":26},"end":{"line":22,"column":38}}},"fnMap":{},"branchMap":{},"s":{"0":4,"1":4,"2":4,"3":4,"4":4,"5":4,"6":4,"7":4,"8":4,"9":4,"10":4,"11":4,"12":4,"13":4,"14":4,"15":4,"16":4,"17":4,"18":4},"f":{},"b":{},"_coverageSchema":"43e27e138ebf9cfc5966b082cf9a028302ed4184","hash":"38c7d25659ec29bca66db1ba8ed515975bf2b3fe"}
,"C:\\Users\\Elaine_Onuegbe\\Desktop\\Movie-Project\\src\\actions\\index.js": {"path":"C:\\Users\\Elaine_Onuegbe\\Desktop\\Movie-Project\\src\\actions\\index.js","statementMap":{"0":{"start":{"line":23,"column":33},"end":{"line":27,"column":2}},"1":{"start":{"line":23,"column":52},"end":{"line":27,"column":1}},"2":{"start":{"line":29,"column":26},"end":{"line":31,"column":2}},"3":{"start":{"line":29,"column":33},"end":{"line":31,"column":1}},"4":{"start":{"line":33,"column":36},"end":{"line":38,"column":2}},"5":{"start":{"line":33,"column":63},"end":{"line":38,"column":1}},"6":{"start":{"line":40,"column":29},"end":{"line":43,"column":2}},"7":{"start":{"line":40,"column":40},"end":{"line":43,"column":1}},"8":{"start":{"line":45,"column":34},"end":{"line":48,"column":2}},"9":{"start":{"line":45,"column":44},"end":{"line":48,"column":1}},"10":{"start":{"line":50,"column":27},"end":{"line":53,"column":2}},"11":{"start":{"line":50,"column":37},"end":{"line":53,"column":1}},"12":{"start":{"line":55,"column":31},"end":{"line":60,"column":2}},"13":{"start":{"line":55,"column":57},"end":{"line":60,"column":1}},"14":{"start":{"line":62,"column":34},"end":{"line":67,"column":2}},"15":{"start":{"line":62,"column":61},"end":{"line":67,"column":1}},"16":{"start":{"line":69,"column":32},"end":{"line":72,"column":2}},"17":{"start":{"line":69,"column":42},"end":{"line":72,"column":1}},"18":{"start":{"line":74,"column":32},"end":{"line":77,"column":2}},"19":{"start":{"line":74,"column":39},"end":{"line":77,"column":1}},"20":{"start":{"line":79,"column":35},"end":{"line":82,"column":2}},"21":{"start":{"line":79,"column":44},"end":{"line":82,"column":1}},"22":{"start":{"line":84,"column":33},"end":{"line":87,"column":2}},"23":{"start":{"line":84,"column":43},"end":{"line":87,"column":1}},"24":{"start":{"line":89,"column":26},"end":{"line":92,"column":2}},"25":{"start":{"line":89,"column":35},"end":{"line":92,"column":1}},"26":{"start":{"line":94,"column":42},"end":{"line":96,"column":2}},"27":{"start":{"line":94,"column":49},"end":{"line":96,"column":1}},"28":{"start":{"line":98,"column":43},"end":{"line":100,"column":2}},"29":{"start":{"line":98,"column":50},"end":{"line":100,"column":1}},"30":{"start":{"line":102,"column":41},"end":{"line":104,"column":2}},"31":{"start":{"line":102,"column":48},"end":{"line":104,"column":1}},"32":{"start":{"line":106,"column":27},"end":{"line":109,"column":2}},"33":{"start":{"line":106,"column":38},"end":{"line":109,"column":1}},"34":{"start":{"line":111,"column":28},"end":{"line":114,"column":2}},"35":{"start":{"line":111,"column":38},"end":{"line":114,"column":1}},"36":{"start":{"line":116,"column":30},"end":{"line":119,"column":2}},"37":{"start":{"line":116,"column":41},"end":{"line":119,"column":1}}},"fnMap":{"0":{"name":"(anonymous_0)","decl":{"start":{"line":23,"column":33},"end":{"line":23,"column":34}},"loc":{"start":{"line":23,"column":52},"end":{"line":27,"column":1}},"line":23},"1":{"name":"(anonymous_1)","decl":{"start":{"line":29,"column":26},"end":{"line":29,"column":27}},"loc":{"start":{"line":29,"column":33},"end":{"line":31,"column":1}},"line":29},"2":{"name":"(anonymous_2)","decl":{"start":{"line":33,"column":36},"end":{"line":33,"column":37}},"loc":{"start":{"line":33,"column":63},"end":{"line":38,"column":1}},"line":33},"3":{"name":"(anonymous_3)","decl":{"start":{"line":40,"column":29},"end":{"line":40,"column":30}},"loc":{"start":{"line":40,"column":40},"end":{"line":43,"column":1}},"line":40},"4":{"name":"(anonymous_4)","decl":{"start":{"line":45,"column":34},"end":{"line":45,"column":35}},"loc":{"start":{"line":45,"column":44},"end":{"line":48,"column":1}},"line":45},"5":{"name":"(anonymous_5)","decl":{"start":{"line":50,"column":27},"end":{"line":50,"column":28}},"loc":{"start":{"line":50,"column":37},"end":{"line":53,"column":1}},"line":50},"6":{"name":"(anonymous_6)","decl":{"start":{"line":55,"column":31},"end":{"line":55,"column":32}},"loc":{"start":{"line":55,"column":57},"end":{"line":60,"column":1}},"line":55},"7":{"name":"(anonymous_7)","decl":{"start":{"line":62,"column":34},"end":{"line":62,"column":35}},"loc":{"start":{"line":62,"column":61},"end":{"line":67,"column":1}},"line":62},"8":{"name":"(anonymous_8)","decl":{"start":{"line":69,"column":32},"end":{"line":69,"column":33}},"loc":{"start":{"line":69,"column":42},"end":{"line":72,"column":1}},"line":69},"9":{"name":"(anonymous_9)","decl":{"start":{"line":74,"column":32},"end":{"line":74,"column":33}},"loc":{"start":{"line":74,"column":39},"end":{"line":77,"column":1}},"line":74},"10":{"name":"(anonymous_10)","decl":{"start":{"line":79,"column":35},"end":{"line":79,"column":36}},"loc":{"start":{"line":79,"column":44},"end":{"line":82,"column":1}},"line":79},"11":{"name":"(anonymous_11)","decl":{"start":{"line":84,"column":33},"end":{"line":84,"column":34}},"loc":{"start":{"line":84,"column":43},"end":{"line":87,"column":1}},"line":84},"12":{"name":"(anonymous_12)","decl":{"start":{"line":89,"column":26},"end":{"line":89,"column":27}},"loc":{"start":{"line":89,"column":35},"end":{"line":92,"column":1}},"line":89},"13":{"name":"(anonymous_13)","decl":{"start":{"line":94,"column":42},"end":{"line":94,"column":43}},"loc":{"start":{"line":94,"column":49},"end":{"line":96,"column":1}},"line":94},"14":{"name":"(anonymous_14)","decl":{"start":{"line":98,"column":43},"end":{"line":98,"column":44}},"loc":{"start":{"line":98,"column":50},"end":{"line":100,"column":1}},"line":98},"15":{"name":"(anonymous_15)","decl":{"start":{"line":102,"column":41},"end":{"line":102,"column":42}},"loc":{"start":{"line":102,"column":48},"end":{"line":104,"column":1}},"line":102},"16":{"name":"(anonymous_16)","decl":{"start":{"line":106,"column":27},"end":{"line":106,"column":28}},"loc":{"start":{"line":106,"column":38},"end":{"line":109,"column":1}},"line":106},"17":{"name":"(anonymous_17)","decl":{"start":{"line":111,"column":28},"end":{"line":111,"column":29}},"loc":{"start":{"line":111,"column":38},"end":{"line":114,"column":1}},"line":111},"18":{"name":"(anonymous_18)","decl":{"start":{"line":116,"column":30},"end":{"line":116,"column":31}},"loc":{"start":{"line":116,"column":41},"end":{"line":119,"column":1}},"line":116}},"branchMap":{},"s":{"0":1,"1":0,"2":1,"3":0,"4":1,"5":0,"6":1,"7":0,"8":1,"9":0,"10":1,"11":0,"12":1,"13":0,"14":1,"15":0,"16":1,"17":0,"18":1,"19":0,"20":1,"21":0,"22":1,"23":0,"24":1,"25":0,"26":1,"27":0,"28":1,"29":0,"30":1,"31":0,"32":1,"33":0,"34":1,"35":0,"36":1,"37":0},"f":{"0":0,"1":0,"2":0,"3":0,"4":0,"5":0,"6":0,"7":0,"8":0,"9":0,"10":0,"11":0,"12":0,"13":0,"14":0,"15":0,"16":0,"17":0,"18":0},"b":{},"_coverageSchema":"43e27e138ebf9cfc5966b082cf9a028302ed4184","hash":"142efd95d08207a161c4fda172a5c95c6d0cb736"}
,"C:\\Users\\Elaine_Onuegbe\\Desktop\\Movie-Project\\src\\components\\Film\\Film.js": {"path":"C:\\Users\\Elaine_Onuegbe\\Desktop\\Movie-Project\\src\\components\\Film\\Film.js","statementMap":{"0":{"start":{"line":13,"column":13},"end":{"line":46,"column":1}},"1":{"start":{"line":22,"column":2},"end":{"line":45,"column":4}}},"fnMap":{"0":{"name":"(anonymous_0)","decl":{"start":{"line":13,"column":13},"end":{"line":13,"column":14}},"loc":{"start":{"line":21,"column":6},"end":{"line":46,"column":1}},"line":21}},"branchMap":{},"s":{"0":1,"1":2},"f":{"0":2},"b":{},"_coverageSchema":"43e27e138ebf9cfc5966b082cf9a028302ed4184","hash":"9cc43665609bc5287e12c4aa9ffd6083b8a92dda"}
,"C:\\Users\\Elaine_Onuegbe\\Desktop\\Movie-Project\\src\\components\\FilmDetails\\FilmDetails.js": {"path":"C:\\Users\\Elaine_Onuegbe\\Desktop\\Movie-Project\\src\\components\\FilmDetails\\FilmDetails.js","statementMap":{"0":{"start":{"line":11,"column":20},"end":{"line":90,"column":1}},"1":{"start":{"line":12,"column":2},"end":{"line":89,"column":4}},"2":{"start":{"line":45,"column":44},"end":{"line":45,"column":51}}},"fnMap":{"0":{"name":"(anonymous_0)","decl":{"start":{"line":11,"column":20},"end":{"line":11,"column":21}},"loc":{"start":{"line":11,"column":61},"end":{"line":90,"column":1}},"line":11},"1":{"name":"(anonymous_1)","decl":{"start":{"line":45,"column":36},"end":{"line":45,"column":37}},"loc":{"start":{"line":45,"column":44},"end":{"line":45,"column":51}},"line":45}},"branchMap":{"0":{"loc":{"start":{"line":27,"column":9},"end":{"line":86,"column":9}},"type":"cond-expr","locations":[{"start":{"line":28,"column":10},"end":{"line":81,"column":16}},{"start":{"line":83,"column":10},"end":{"line":85,"column":16}}],"line":27},"1":{"loc":{"start":{"line":32,"column":18},"end":{"line":33,"column":86}},"type":"binary-expr","locations":[{"start":{"line":32,"column":18},"end":{"line":32,"column":34}},{"start":{"line":33,"column":18},"end":{"line":33,"column":86}}],"line":32},"2":{"loc":{"start":{"line":43,"column":17},"end":{"line":47,"column":29}},"type":"binary-expr","locations":[{"start":{"line":43,"column":17},"end":{"line":43,"column":28}},{"start":{"line":44,"column":18},"end":{"line":47,"column":29}}],"line":43},"3":{"loc":{"start":{"line":55,"column":20},"end":{"line":55,"column":70}},"type":"binary-expr","locations":[{"start":{"line":55,"column":20},"end":{"line":55,"column":37}},{"start":{"line":55,"column":41},"end":{"line":55,"column":70}}],"line":55},"4":{"loc":{"start":{"line":78,"column":17},"end":{"line":78,"column":59}},"type":"cond-expr","locations":[{"start":{"line":78,"column":29},"end":{"line":78,"column":53}},{"start":{"line":78,"column":56},"end":{"line":78,"column":59}}],"line":78}},"s":{"0":2,"1":1,"2":3},"f":{"0":1,"1":3},"b":{"0":[1,0],"1":[1,0],"2":[1,1],"3":[1,1],"4":[1,0]},"_coverageSchema":"43e27e138ebf9cfc5966b082cf9a028302ed4184","hash":"f7cdca16a08cfc6cf56e7421c586964e32b01fcb"}
,"C:\\Users\\Elaine_Onuegbe\\Desktop\\Movie-Project\\src\\components\\FilmDetails\\index.js": {"path":"C:\\Users\\Elaine_Onuegbe\\Desktop\\Movie-Project\\src\\components\\FilmDetails\\index.js","statementMap":{},"fnMap":{},"branchMap":{},"s":{},"f":{},"b":{},"_coverageSchema":"43e27e138ebf9cfc5966b082cf9a028302ed4184","hash":"fe9f34e24177a6043a9a0ea3a566782ebb1dd947"}
,"C:\\Users\\Elaine_Onuegbe\\Desktop\\Movie-Project\\src\\components\\Form\\Form.js": {"path":"C:\\Users\\Elaine_Onuegbe\\Desktop\\Movie-Project\\src\\components\\Form\\Form.js","statementMap":{"0":{"start":{"line":17,"column":13},"end":{"line":33,"column":1}},"1":{"start":{"line":18,"column":2},"end":{"line":32,"column":4}}},"fnMap":{"0":{"name":"(anonymous_0)","decl":{"start":{"line":17,"column":13},"end":{"line":17,"column":14}},"loc":{"start":{"line":17,"column":62},"end":{"line":33,"column":1}},"line":17}},"branchMap":{},"s":{"0":1,"1":0},"f":{"0":0},"b":{},"_coverageSchema":"43e27e138ebf9cfc5966b082cf9a028302ed4184","hash":"b65869689561f144e9f5d73fa4e0b0e31c03a786"}
,"C:\\Users\\Elaine_Onuegbe\\Desktop\\Movie-Project\\src\\containers\\SelectedFilmPage.js": {"path":"C:\\Users\\Elaine_Onuegbe\\Desktop\\Movie-Project\\src\\containers\\SelectedFilmPage.js","statementMap":{"0":{"start":{"line":19,"column":8},"end":{"line":19,"column":12}},"1":{"start":{"line":20,"column":4},"end":{"line":26,"column":6}},"2":{"start":{"line":23,"column":8},"end":{"line":23,"column":60}},"3":{"start":{"line":27,"column":4},"end":{"line":27,"column":59}},"4":{"start":{"line":31,"column":4},"end":{"line":31,"column":44}},"5":{"start":{"line":36,"column":8},"end":{"line":36,"column":17}},"6":{"start":{"line":41,"column":8},"end":{"line":41,"column":18}},"7":{"start":{"line":42,"column":4},"end":{"line":47,"column":5}},"8":{"start":{"line":43,"column":22},"end":{"line":45,"column":40}},"9":{"start":{"line":46,"column":6},"end":{"line":46,"column":28}},"10":{"start":{"line":51,"column":52},"end":{"line":51,"column":56}},"11":{"start":{"line":52,"column":4},"end":{"line":58,"column":6}},"12":{"start":{"line":55,"column":8},"end":{"line":55,"column":60}},"13":{"start":{"line":59,"column":4},"end":{"line":59,"column":62}},"14":{"start":{"line":62,"column":17},"end":{"line":67,"column":3}},"15":{"start":{"line":63,"column":4},"end":{"line":63,"column":23}},"16":{"start":{"line":64,"column":4},"end":{"line":66,"column":5}},"17":{"start":{"line":65,"column":6},"end":{"line":65,"column":47}},"18":{"start":{"line":69,"column":13},"end":{"line":71,"column":3}},"19":{"start":{"line":70,"column":4},"end":{"line":70,"column":51}},"20":{"start":{"line":73,"column":16},"end":{"line":90,"column":3}},"21":{"start":{"line":74,"column":4},"end":{"line":77,"column":5}},"22":{"start":{"line":75,"column":6},"end":{"line":75,"column":26}},"23":{"start":{"line":76,"column":6},"end":{"line":76,"column":13}},"24":{"start":{"line":78,"column":4},"end":{"line":78,"column":23}},"25":{"start":{"line":79,"column":4},"end":{"line":89,"column":5}},"26":{"start":{"line":81,"column":8},"end":{"line":81,"column":32}},"27":{"start":{"line":82,"column":8},"end":{"line":82,"column":14}},"28":{"start":{"line":84,"column":8},"end":{"line":84,"column":33}},"29":{"start":{"line":85,"column":8},"end":{"line":85,"column":14}},"30":{"start":{"line":87,"column":8},"end":{"line":87,"column":27}},"31":{"start":{"line":88,"column":8},"end":{"line":88,"column":14}},"32":{"start":{"line":92,"column":15},"end":{"line":102,"column":3}},"33":{"start":{"line":93,"column":54},"end":{"line":93,"column":64}},"34":{"start":{"line":94,"column":16},"end":{"line":94,"column":32}},"35":{"start":{"line":95,"column":22},"end":{"line":97,"column":5}},"36":{"start":{"line":96,"column":18},"end":{"line":96,"column":40}},"37":{"start":{"line":98,"column":4},"end":{"line":101,"column":5}},"38":{"start":{"line":99,"column":21},"end":{"line":99,"column":86}},"39":{"start":{"line":100,"column":6},"end":{"line":100,"column":35}},"40":{"start":{"line":105,"column":71},"end":{"line":105,"column":81}},"41":{"start":{"line":106,"column":25},"end":{"line":106,"column":29}},"42":{"start":{"line":108,"column":4},"end":{"line":117,"column":6}},"43":{"start":{"line":121,"column":24},"end":{"line":123,"column":2}},"44":{"start":{"line":121,"column":47},"end":{"line":123,"column":1}}},"fnMap":{"0":{"name":"(anonymous_0)","decl":{"start":{"line":13,"column":2},"end":{"line":13,"column":3}},"loc":{"start":{"line":13,"column":22},"end":{"line":28,"column":3}},"line":13},"1":{"name":"(anonymous_1)","decl":{"start":{"line":22,"column":6},"end":{"line":22,"column":7}},"loc":{"start":{"line":22,"column":11},"end":{"line":24,"column":7}},"line":22},"2":{"name":"(anonymous_2)","decl":{"start":{"line":30,"column":2},"end":{"line":30,"column":3}},"loc":{"start":{"line":30,"column":32},"end":{"line":48,"column":3}},"line":30},"3":{"name":"(anonymous_3)","decl":{"start":{"line":50,"column":2},"end":{"line":50,"column":3}},"loc":{"start":{"line":50,"column":25},"end":{"line":60,"column":3}},"line":50},"4":{"name":"(anonymous_4)","decl":{"start":{"line":54,"column":6},"end":{"line":54,"column":7}},"loc":{"start":{"line":54,"column":11},"end":{"line":56,"column":7}},"line":54},"5":{"name":"(anonymous_5)","decl":{"start":{"line":62,"column":17},"end":{"line":62,"column":18}},"loc":{"start":{"line":62,"column":22},"end":{"line":67,"column":3}},"line":62},"6":{"name":"(anonymous_6)","decl":{"start":{"line":69,"column":13},"end":{"line":69,"column":14}},"loc":{"start":{"line":69,"column":19},"end":{"line":71,"column":3}},"line":69},"7":{"name":"(anonymous_7)","decl":{"start":{"line":73,"column":16},"end":{"line":73,"column":17}},"loc":{"start":{"line":73,"column":21},"end":{"line":90,"column":3}},"line":73},"8":{"name":"(anonymous_8)","decl":{"start":{"line":92,"column":15},"end":{"line":92,"column":16}},"loc":{"start":{"line":92,"column":28},"end":{"line":102,"column":3}},"line":92},"9":{"name":"(anonymous_9)","decl":{"start":{"line":96,"column":6},"end":{"line":96,"column":7}},"loc":{"start":{"line":96,"column":18},"end":{"line":96,"column":40}},"line":96},"10":{"name":"(anonymous_10)","decl":{"start":{"line":104,"column":2},"end":{"line":104,"column":3}},"loc":{"start":{"line":104,"column":11},"end":{"line":118,"column":3}},"line":104},"11":{"name":"(anonymous_11)","decl":{"start":{"line":121,"column":24},"end":{"line":121,"column":25}},"loc":{"start":{"line":121,"column":47},"end":{"line":123,"column":1}},"line":121}},"branchMap":{"0":{"loc":{"start":{"line":42,"column":4},"end":{"line":47,"column":5}},"type":"if","locations":[{"start":{"line":42,"column":4},"end":{"line":47,"column":5}},{"start":{"line":42,"column":4},"end":{"line":47,"column":5}}],"line":42},"1":{"loc":{"start":{"line":42,"column":8},"end":{"line":42,"column":48}},"type":"binary-expr","locations":[{"start":{"line":42,"column":8},"end":{"line":42,"column":23}},{"start":{"line":42,"column":27},"end":{"line":42,"column":48}}],"line":42},"2":{"loc":{"start":{"line":64,"column":4},"end":{"line":66,"column":5}},"type":"if","locations":[{"start":{"line":64,"column":4},"end":{"line":66,"column":5}},{"start":{"line":64,"column":4},"end":{"line":66,"column":5}}],"line":64},"3":{"loc":{"start":{"line":74,"column":4},"end":{"line":77,"column":5}},"type":"if","locations":[{"start":{"line":74,"column":4},"end":{"line":77,"column":5}},{"start":{"line":74,"column":4},"end":{"line":77,"column":5}}],"line":74},"4":{"loc":{"start":{"line":79,"column":4},"end":{"line":89,"column":5}},"type":"switch","locations":[{"start":{"line":80,"column":6},"end":{"line":82,"column":14}},{"start":{"line":83,"column":6},"end":{"line":85,"column":14}},{"start":{"line":86,"column":6},"end":{"line":88,"column":14}}],"line":79},"5":{"loc":{"start":{"line":98,"column":4},"end":{"line":101,"column":5}},"type":"if","locations":[{"start":{"line":98,"column":4},"end":{"line":101,"column":5}},{"start":{"line":98,"column":4},"end":{"line":101,"column":5}}],"line":98},"6":{"loc":{"start":{"line":99,"column":27},"end":{"line":99,"column":82}},"type":"cond-expr","locations":[{"start":{"line":99,"column":53},"end":{"line":99,"column":66}},{"start":{"line":99,"column":69},"end":{"line":99,"column":82}}],"line":99}},"s":{"0":0,"1":0,"2":0,"3":0,"4":0,"5":0,"6":0,"7":0,"8":0,"9":0,"10":0,"11":0,"12":0,"13":0,"14":0,"15":0,"16":0,"17":0,"18":0,"19":0,"20":0,"21":0,"22":0,"23":0,"24":0,"25":0,"26":0,"27":0,"28":0,"29":0,"30":0,"31":0,"32":0,"33":0,"34":0,"35":0,"36":0,"37":0,"38":0,"39":0,"40":0,"41":0,"42":0,"43":1,"44":0},"f":{"0":0,"1":0,"2":0,"3":0,"4":0,"5":0,"6":0,"7":0,"8":0,"9":0,"10":0,"11":0},"b":{"0":[0,0],"1":[0,0],"2":[0,0],"3":[0,0],"4":[0,0,0],"5":[0,0],"6":[0,0]},"_coverageSchema":"43e27e138ebf9cfc5966b082cf9a028302ed4184","hash":"a1d909e924ffef6f889bebe4a922dd240ba4f733"}
,"C:\\Users\\Elaine_Onuegbe\\Desktop\\Movie-Project\\src\\helpers\\index.js": {"path":"C:\\Users\\Elaine_Onuegbe\\Desktop\\Movie-Project\\src\\helpers\\index.js","statementMap":{"0":{"start":{"line":1,"column":37},"end":{"line":12,"column":1}},"1":{"start":{"line":2,"column":2},"end":{"line":2,"column":21}},"2":{"start":{"line":3,"column":2},"end":{"line":11,"column":3}},"3":{"start":{"line":7,"column":4},"end":{"line":10,"column":7}},"4":{"start":{"line":14,"column":25},"end":{"line":15,"column":29}},"5":{"start":{"line":15,"column":2},"end":{"line":15,"column":29}},"6":{"start":{"line":15,"column":18},"end":{"line":15,"column":28}}},"fnMap":{"0":{"name":"(anonymous_0)","decl":{"start":{"line":1,"column":37},"end":{"line":1,"column":38}},"loc":{"start":{"line":1,"column":55},"end":{"line":12,"column":1}},"line":1},"1":{"name":"(anonymous_1)","decl":{"start":{"line":14,"column":25},"end":{"line":14,"column":26}},"loc":{"start":{"line":15,"column":2},"end":{"line":15,"column":29}},"line":15},"2":{"name":"(anonymous_2)","decl":{"start":{"line":15,"column":12},"end":{"line":15,"column":13}},"loc":{"start":{"line":15,"column":18},"end":{"line":15,"column":28}},"line":15}},"branchMap":{"0":{"loc":{"start":{"line":3,"column":2},"end":{"line":11,"column":3}},"type":"if","locations":[{"start":{"line":3,"column":2},"end":{"line":11,"column":3}},{"start":{"line":3,"column":2},"end":{"line":11,"column":3}}],"line":3},"1":{"loc":{"start":{"line":4,"column":4},"end":{"line":5,"column":25}},"type":"binary-expr","locations":[{"start":{"line":4,"column":4},"end":{"line":4,"column":46}},{"start":{"line":5,"column":4},"end":{"line":5,"column":25}}],"line":4}},"s":{"0":3,"1":1,"2":1,"3":1,"4":3,"5":2,"6":6},"f":{"0":1,"1":2,"2":6},"b":{"0":[1,0],"1":[1,1]},"_coverageSchema":"43e27e138ebf9cfc5966b082cf9a028302ed4184","hash":"f8d1f0fa8bc2d3f0fa71795a8dd5207ba1cffeb7"}
,"C:\\Users\\Elaine_Onuegbe\\Desktop\\Movie-Project\\src\\reducers\\filmReducer.js": {"path":"C:\\Users\\Elaine_Onuegbe\\Desktop\\Movie-Project\\src\\reducers\\filmReducer.js","statementMap":{"0":{"start":{"line":7,"column":22},"end":{"line":11,"column":1}},"1":{"start":{"line":17,"column":20},"end":{"line":17,"column":25}},"2":{"start":{"line":18,"column":2},"end":{"line":42,"column":3}},"3":{"start":{"line":20,"column":6},"end":{"line":27,"column":8}},"4":{"start":{"line":23,"column":53},"end":{"line":23,"column":64}},"5":{"start":{"line":30,"column":6},"end":{"line":37,"column":8}},"6":{"start":{"line":33,"column":53},"end":{"line":33,"column":64}},"7":{"start":{"line":39,"column":6},"end":{"line":39,"column":27}},"8":{"start":{"line":41,"column":6},"end":{"line":41,"column":19}}},"fnMap":{"0":{"name":"filmReducer","decl":{"start":{"line":13,"column":9},"end":{"line":13,"column":20}},"loc":{"start":{"line":16,"column":2},"end":{"line":43,"column":1}},"line":16},"1":{"name":"(anonymous_1)","decl":{"start":{"line":23,"column":32},"end":{"line":23,"column":33}},"loc":{"start":{"line":23,"column":53},"end":{"line":23,"column":64}},"line":23},"2":{"name":"(anonymous_2)","decl":{"start":{"line":33,"column":32},"end":{"line":33,"column":33}},"loc":{"start":{"line":33,"column":53},"end":{"line":33,"column":64}},"line":33}},"branchMap":{"0":{"loc":{"start":{"line":14,"column":2},"end":{"line":14,"column":23}},"type":"default-arg","locations":[{"start":{"line":14,"column":10},"end":{"line":14,"column":23}}],"line":14},"1":{"loc":{"start":{"line":18,"column":2},"end":{"line":42,"column":3}},"type":"switch","locations":[{"start":{"line":19,"column":4},"end":{"line":27,"column":8}},{"start":{"line":29,"column":4},"end":{"line":37,"column":8}},{"start":{"line":38,"column":4},"end":{"line":39,"column":27}},{"start":{"line":40,"column":4},"end":{"line":41,"column":19}}],"line":18}},"s":{"0":1,"1":4,"2":4,"3":1,"4":2,"5":1,"6":2,"7":1,"8":1},"f":{"0":4,"1":2,"2":2},"b":{"0":[4],"1":[1,1,1,1]},"_coverageSchema":"43e27e138ebf9cfc5966b082cf9a028302ed4184","hash":"c63c90f3e1fea725b7940e301a020821eb0717e4"}
,"C:\\Users\\Elaine_Onuegbe\\Desktop\\Movie-Project\\src\\reducers\\selectedFilmReducer.js": {"path":"C:\\Users\\Elaine_Onuegbe\\Desktop\\Movie-Project\\src\\reducers\\selectedFilmReducer.js","statementMap":{"0":{"start":{"line":8,"column":22},"end":{"line":10,"column":1}},"1":{"start":{"line":13,"column":2},"end":{"line":24,"column":3}},"2":{"start":{"line":15,"column":6},"end":{"line":15,"column":31}},"3":{"start":{"line":17,"column":6},"end":{"line":17,"column":48}},"4":{"start":{"line":19,"column":6},"end":{"line":19,"column":32}},"5":{"start":{"line":21,"column":6},"end":{"line":21,"column":27}},"6":{"start":{"line":23,"column":6},"end":{"line":23,"column":19}}},"fnMap":{"0":{"name":"selectedFilmReducer","decl":{"start":{"line":12,"column":9},"end":{"line":12,"column":28}},"loc":{"start":{"line":12,"column":60},"end":{"line":25,"column":1}},"line":12}},"branchMap":{"0":{"loc":{"start":{"line":12,"column":29},"end":{"line":12,"column":50}},"type":"default-arg","locations":[{"start":{"line":12,"column":37},"end":{"line":12,"column":50}}],"line":12},"1":{"loc":{"start":{"line":13,"column":2},"end":{"line":24,"column":3}},"type":"switch","locations":[{"start":{"line":14,"column":4},"end":{"line":15,"column":31}},{"start":{"line":16,"column":4},"end":{"line":17,"column":48}},{"start":{"line":18,"column":4},"end":{"line":19,"column":32}},{"start":{"line":20,"column":4},"end":{"line":21,"column":27}},{"start":{"line":22,"column":4},"end":{"line":23,"column":19}}],"line":13}},"s":{"0":1,"1":3,"2":0,"3":1,"4":0,"5":1,"6":1},"f":{"0":3},"b":{"0":[3],"1":[0,1,0,1,1]},"_coverageSchema":"43e27e138ebf9cfc5966b082cf9a028302ed4184","hash":"f6edae005fff4a52ea4e31819467e0e784e67f59"}
,"C:\\Users\\Elaine_Onuegbe\\Desktop\\Movie-Project\\src\\reducers\\totalResultsReducer.js": {"path":"C:\\Users\\Elaine_Onuegbe\\Desktop\\Movie-Project\\src\\reducers\\totalResultsReducer.js","statementMap":{"0":{"start":{"line":3,"column":22},"end":{"line":3,"column":23}},"1":{"start":{"line":6,"column":2},"end":{"line":11,"column":3}},"2":{"start":{"line":8,"column":6},"end":{"line":8,"column":26}},"3":{"start":{"line":10,"column":6},"end":{"line":10,"column":19}}},"fnMap":{"0":{"name":"totalResultsReducer","decl":{"start":{"line":5,"column":9},"end":{"line":5,"column":28}},"loc":{"start":{"line":5,"column":60},"end":{"line":12,"column":1}},"line":5}},"branchMap":{"0":{"loc":{"start":{"line":5,"column":29},"end":{"line":5,"column":50}},"type":"default-arg","locations":[{"start":{"line":5,"column":37},"end":{"line":5,"column":50}}],"line":5},"1":{"loc":{"start":{"line":6,"column":2},"end":{"line":11,"column":3}},"type":"switch","locations":[{"start":{"line":7,"column":4},"end":{"line":8,"column":26}},{"start":{"line":9,"column":4},"end":{"line":10,"column":19}}],"line":6}},"s":{"0":1,"1":2,"2":1,"3":1},"f":{"0":2},"b":{"0":[2],"1":[1,1]},"_coverageSchema":"43e27e138ebf9cfc5966b082cf9a028302ed4184","hash":"769bb202915b7ef6cc2cec9c49db86aaf05b87bd"}
}
