TN:
SF:C:\Users\Elaine_Onuegbe\Desktop\Movie-Project\src\actions\actionTypes.js
FNF:0
FNH:0
DA:1,4
DA:2,4
DA:3,4
DA:4,4
DA:5,4
DA:6,4
DA:7,4
DA:8,4
DA:9,4
DA:10,4
DA:11,4
DA:12,4
DA:13,4
DA:15,4
DA:17,4
DA:18,4
DA:20,4
DA:21,4
DA:22,4
LF:19
LH:19
BRF:0
BRH:0
end_of_record
TN:
SF:C:\Users\Elaine_Onuegbe\Desktop\Movie-Project\src\actions\index.js
FN:23,(anonymous_0)
FN:29,(anonymous_1)
FN:33,(anonymous_2)
FN:40,(anonymous_3)
FN:45,(anonymous_4)
FN:50,(anonymous_5)
FN:55,(anonymous_6)
FN:62,(anonymous_7)
FN:69,(anonymous_8)
FN:74,(anonymous_9)
FN:79,(anonymous_10)
FN:84,(anonymous_11)
FN:89,(anonymous_12)
FN:94,(anonymous_13)
FN:98,(anonymous_14)
FN:102,(anonymous_15)
FN:106,(anonymous_16)
FN:111,(anonymous_17)
FN:116,(anonymous_18)
FNF:19
FNH:0
FNDA:0,(anonymous_0)
FNDA:0,(anonymous_1)
FNDA:0,(anonymous_2)
FNDA:0,(anonymous_3)
FNDA:0,(anonymous_4)
FNDA:0,(anonymous_5)
FNDA:0,(anonymous_6)
FNDA:0,(anonymous_7)
FNDA:0,(anonymous_8)
FNDA:0,(anonymous_9)
FNDA:0,(anonymous_10)
FNDA:0,(anonymous_11)
FNDA:0,(anonymous_12)
FNDA:0,(anonymous_13)
FNDA:0,(anonymous_14)
FNDA:0,(anonymous_15)
FNDA:0,(anonymous_16)
FNDA:0,(anonymous_17)
FNDA:0,(anonymous_18)
DA:23,1
DA:29,1
DA:33,1
DA:40,1
DA:45,1
DA:50,1
DA:55,1
DA:62,1
DA:69,1
DA:74,1
DA:79,1
DA:84,1
DA:89,1
DA:94,1
DA:98,1
DA:102,1
DA:106,1
DA:111,1
DA:116,1
LF:19
LH:19
BRF:0
BRH:0
end_of_record
TN:
SF:C:\Users\Elaine_Onuegbe\Desktop\Movie-Project\src\components\Film\Film.js
FN:13,(anonymous_0)
FNF:1
FNH:1
FNDA:2,(anonymous_0)
DA:13,1
DA:22,2
LF:2
LH:2
BRF:0
BRH:0
end_of_record
TN:
SF:C:\Users\Elaine_Onuegbe\Desktop\Movie-Project\src\components\FilmDetails\FilmDetails.js
FN:11,(anonymous_0)
FN:45,(anonymous_1)
FNF:2
FNH:2
FNDA:1,(anonymous_0)
FNDA:3,(anonymous_1)
DA:11,2
DA:12,1
DA:45,3
LF:3
LH:3
BRDA:27,0,0,1
BRDA:27,0,1,0
BRDA:32,1,0,1
BRDA:32,1,1,0
BRDA:43,2,0,1
BRDA:43,2,1,1
BRDA:55,3,0,1
BRDA:55,3,1,1
BRDA:78,4,0,1
BRDA:78,4,1,0
BRF:10
BRH:7
end_of_record
TN:
SF:C:\Users\Elaine_Onuegbe\Desktop\Movie-Project\src\components\FilmDetails\index.js
FNF:0
FNH:0
LF:0
LH:0
BRF:0
BRH:0
end_of_record
TN:
SF:C:\Users\Elaine_Onuegbe\Desktop\Movie-Project\src\components\Form\Form.js
FN:17,(anonymous_0)
FNF:1
FNH:0
FNDA:0,(anonymous_0)
DA:17,1
DA:18,0
LF:2
LH:1
BRF:0
BRH:0
end_of_record
TN:
SF:C:\Users\Elaine_Onuegbe\Desktop\Movie-Project\src\containers\SelectedFilmPage.js
FN:13,(anonymous_0)
FN:22,(anonymous_1)
FN:30,(anonymous_2)
FN:50,(anonymous_3)
FN:54,(anonymous_4)
FN:62,(anonymous_5)
FN:69,(anonymous_6)
FN:73,(anonymous_7)
FN:92,(anonymous_8)
FN:96,(anonymous_9)
FN:104,(anonymous_10)
FN:121,(anonymous_11)
FNF:12
FNH:0
FNDA:0,(anonymous_0)
FNDA:0,(anonymous_1)
FNDA:0,(anonymous_2)
FNDA:0,(anonymous_3)
FNDA:0,(anonymous_4)
FNDA:0,(anonymous_5)
FNDA:0,(anonymous_6)
FNDA:0,(anonymous_7)
FNDA:0,(anonymous_8)
FNDA:0,(anonymous_9)
FNDA:0,(anonymous_10)
FNDA:0,(anonymous_11)
DA:19,0
DA:20,0
DA:23,0
DA:27,0
DA:31,0
DA:36,0
DA:41,0
DA:42,0
DA:43,0
DA:46,0
DA:51,0
DA:52,0
DA:55,0
DA:59,0
DA:62,0
DA:63,0
DA:64,0
DA:65,0
DA:69,0
DA:70,0
DA:73,0
DA:74,0
DA:75,0
DA:76,0
DA:78,0
DA:79,0
DA:81,0
DA:82,0
DA:84,0
DA:85,0
DA:87,0
DA:88,0
DA:92,0
DA:93,0
DA:94,0
DA:95,0
DA:96,0
DA:98,0
DA:99,0
DA:100,0
DA:105,0
DA:106,0
DA:108,0
DA:121,1
LF:44
LH:1
BRDA:42,0,0,0
BRDA:42,0,1,0
BRDA:42,1,0,0
BRDA:42,1,1,0
BRDA:64,2,0,0
BRDA:64,2,1,0
BRDA:74,3,0,0
BRDA:74,3,1,0
BRDA:79,4,0,0
BRDA:79,4,1,0
BRDA:79,4,2,0
BRDA:98,5,0,0
BRDA:98,5,1,0
BRDA:99,6,0,0
BRDA:99,6,1,0
BRF:15
BRH:0
end_of_record
TN:
SF:C:\Users\Elaine_Onuegbe\Desktop\Movie-Project\src\helpers\index.js
FN:1,(anonymous_0)
FN:14,(anonymous_1)
FN:15,(anonymous_2)
FNF:3
FNH:3
FNDA:1,(anonymous_0)
FNDA:2,(anonymous_1)
FNDA:6,(anonymous_2)
DA:1,3
DA:2,1
DA:3,1
DA:7,1
DA:14,3
DA:15,6
LF:6
LH:6
BRDA:3,0,0,1
BRDA:3,0,1,0
BRDA:4,1,0,1
BRDA:4,1,1,1
BRF:4
BRH:3
end_of_record
TN:
SF:C:\Users\Elaine_Onuegbe\Desktop\Movie-Project\src\reducers\filmReducer.js
FN:13,filmReducer
FN:23,(anonymous_1)
FN:33,(anonymous_2)
FNF:3
FNH:3
FNDA:4,filmReducer
FNDA:2,(anonymous_1)
FNDA:2,(anonymous_2)
DA:7,1
DA:17,4
DA:18,4
DA:20,1
DA:23,2
DA:30,1
DA:33,2
DA:39,1
DA:41,1
LF:9
LH:9
BRDA:14,0,0,4
BRDA:18,1,0,1
BRDA:18,1,1,1
BRDA:18,1,2,1
BRDA:18,1,3,1
BRF:5
BRH:5
end_of_record
TN:
SF:C:\Users\Elaine_Onuegbe\Desktop\Movie-Project\src\reducers\selectedFilmReducer.js
FN:12,selectedFilmReducer
FNF:1
FNH:1
FNDA:3,selectedFilmReducer
DA:8,1
DA:13,3
DA:15,0
DA:17,1
DA:19,0
DA:21,1
DA:23,1
LF:7
LH:5
BRDA:12,0,0,3
BRDA:13,1,0,0
BRDA:13,1,1,1
BRDA:13,1,2,0
BRDA:13,1,3,1
BRDA:13,1,4,1
BRF:6
BRH:4
end_of_record
TN:
SF:C:\Users\Elaine_Onuegbe\Desktop\Movie-Project\src\reducers\totalResultsReducer.js
FN:5,totalResultsReducer
FNF:1
FNH:1
FNDA:2,totalResultsReducer
DA:3,1
DA:6,2
DA:8,1
DA:10,1
LF:4
LH:4
BRDA:5,0,0,2
BRDA:6,1,0,1
BRDA:6,1,1,1
BRF:3
BRH:3
end_of_record
